<?xml version="1.0" encoding="UTF-8"?>
<testsuites>
  <testsuite name="Project Test Suite" tests="3" assertions="4" failures="0" errors="0" time="2.436139">
    <testsuite name="Tests\ArticleDaoTest" file="C:\wamp\www\phpunit-testsuite\tests\ArticleDaoTest.php" tests="1" assertions="2" failures="0" errors="0" time="0.084005">
      <testcase name="testInsertNewArticle" class="Tests\ArticleDaoTest" file="C:\wamp\www\phpunit-testsuite\tests\ArticleDaoTest.php" line="29" assertions="2" time="0.084005"/>
    </testsuite>
    <testsuite name="Tests\ArticleModelTest" file="C:\wamp\www\phpunit-testsuite\tests\ArticleModelTest.php" tests="1" assertions="1" failures="0" errors="0" time="0.001000">
      <testcase name="test_ArticleModelInitialization_ShouldPass" class="Tests\ArticleModelTest" file="C:\wamp\www\phpunit-testsuite\tests\ArticleModelTest.php" line="11" assertions="1" time="0.001000"/>
    </testsuite>
    <testsuite name="Tests\IndexTest" file="C:\wamp\www\phpunit-testsuite\tests\IndexTest.php" tests="1" assertions="1" failures="0" errors="0" time="2.351134">
      <testsuite name="Tests\IndexTest: phantomjs" tests="1" assertions="1" failures="0" errors="0" time="2.351134">
        <testcase name="testLandingPageHasAwelcomeMessage" class="Tests\IndexTest" file="C:\wamp\www\phpunit-testsuite\tests\IndexTest.php" line="18" assertions="1" time="2.351134"/>
      </testsuite>
    </testsuite>
  </testsuite>
</testsuites>
